Request method:	POST
Request URI:	https://cpasaapiqa.crowe.com/api/v1/entity
Proxy:			<none>
Request params:	<none>
Query params:	<none>
Form params:	<none>
Path params:	<none>
Headers:		Authorization=Bearer 
				Accept=*/*
				Content-Type=text/plain; charset=ISO-8859-1
Cookies:		<none>
Multiparts:		<none>
Body:
src\main\resources\CreateEntityPayload.json
HTTP/1.1 401 Unauthorized
Date: Sun, 19 Oct 2025 07:21:52 GMT
Content-Type: application/json; charset=utf-8
Content-Length: 106
Connection: keep-alive
Cache-Control: no-cache
pragma: no-cache
expires: -1
Server: cloudflare
x-aspnet-version: 4.0.30319
x-powered-by: ASP.NET
cf-cache-status: DYNAMIC
Strict-Transport-Security: max-age=31536000; includeSubDomains; preload
CF-RAY: 990e85602977cf38-DEL

{
    "content": "Unauthorized Access.",
    "statusCode": 401,
    "reasonPhrase": "Unauthorized Access."
}
